[2024-12-18 16:48:55] [INFO] Пользователь с логином Zilant1337 и паролем AhjczAhjcz2014 успешно зарегистрирован
[2024-12-18 16:49:04] [INFO] Захешированный sw от основного клиента: a608ab0e511a50fcdaf9aaa98f00a949
[2024-12-18 16:49:04] [INFO] Хеш пароля: ff42f73a551092ba51c3487efc5f2e08
[2024-12-18 16:49:04] [INFO] Суперхеш: aa2b62030f46345fd23788ffa53f619e
[2024-12-18 16:49:04] [INFO] Сгенерировано число b: 7509132336681823309
[2024-12-18 16:49:04] [INFO] Получены данные от основного клиента:
[2024-12-18 16:49:04] [INFO] A: 2619432234966296151720936228820569613872639446826572714530257665662929819657762163585932026248410274534663669040261939082088779087350883634596022846218230
[2024-12-18 16:49:04] [INFO] g: 53
[2024-12-18 16:49:04] [INFO] p: 9345708652001125218679188039030361945668338866294124841286289538973021443941093232079487366589483562858265170200907496537829583988789485229769995461533737
[2024-12-18 16:49:04] [INFO] Вычислено B: 9145312738646017767357056254805461325159344138854121091863026508657289101770251250051340336279982531075811622479241718644510523160928503642161111749204007
[2024-12-18 16:49:04] [INFO] Отправлено B: 9145312738646017767357056254805461325159344138854121091863026508657289101770251250051340336279982531075811622479241718644510523160928503642161111749204007
[2024-12-18 16:49:04] [INFO] Вычислен сеансовый ключ K: 4539112498831675398393609728956974676799367117199405617354391478058827523259943107740355882873057695029829966326621590269182715450439014543770908489818586
[2024-12-18 16:49:04] [INFO] Инициализация RC4 с ключом: 4539112498831675398393609728956974676799367117199405617354391478058827523259943107740355882873057695029829966326621590269182715450439014543770908489818586
[2024-12-18 16:49:04] [INFO] Аутентификация успешна
[2024-12-18 16:49:33] [INFO] Файл загружен: C:/Users/Zilant/PycharmProjects/InfoSecMessenger/Client/file.txt
[2024-12-18 16:49:43] [INFO] Сгенерированы ключи RSA: e=764095598432647523717871556460763807986889378198563, n=107913175781192475468961739032725152951224052324255143533792540921147573864747568146326425799533205872515059199272588380905609153209777872406425084099219148771034720303950787707703014694887247792350514418770927128866111055465858200808063943924789164881136357498751870366057843212671643767985500672787422479097, d=63899420279231819771728294901071205915907214514646954292425219811812426390640093109541469778402531300959110899131350520540457454163413773306259274200693777450773193244838540604454245161629697413534541546402196271984066738638821224612186832453606103249169373777933236066033733832957594389146968345687174440987
[2024-12-18 16:50:09] [INFO] Файл загружен: C:/Users/Zilant/PycharmProjects/InfoSecMessenger/Client/file.txt
[2024-12-18 16:50:18] [INFO] Файл загружен: C:/Users/Zilant/PycharmProjects/InfoSecMessenger/Client/file.txt
[2024-12-18 16:50:20] [INFO] Сгенерированы ключи RSA: e=1294554026490355897393658388779769610353223331106251, n=81596675549447958771913796164219890099658640502764334551945665494444614435260159553686358455482466800305249231856333360010066736575070164983351984497263690273421954328041965516967723030950280083032129781977926352115550754110604893375385549859196246828476767504447243555250807263936736534673603102530165696759, d=27085755924593499323656357022964320968578661848775749364153449725473824772649794357469811889874252781061397636820217302127822695149017978612103782387151339803759436185804324701298651979282213757942226390035264369359018823573297101625275671884947835967633749671055247187756535956601887719324102498194432333155
[2024-12-18 16:50:44] [INFO] Файл загружен: C:/Users/Zilant/PycharmProjects/InfoSecMessenger/Client/file.txt
[2024-12-18 16:53:57] [INFO] Захешированный sw от основного клиента: ebe9d3f55a92c24138106f7360b2b0d3
[2024-12-18 16:53:57] [INFO] Хеш пароля: ff42f73a551092ba51c3487efc5f2e08
[2024-12-18 16:53:57] [INFO] Суперхеш: 0f8745a5e65e530e72077fff6322bbf3
[2024-12-18 16:53:57] [INFO] Сгенерировано число b: 15312661212950437093
[2024-12-18 16:53:57] [INFO] Получены данные от основного клиента:
[2024-12-18 16:53:57] [INFO] A: 6755878873064628368352784314209107112528928467921118644708678649705032748916307235519020839325827098344200775122493063965814368646239256237832935864167041
[2024-12-18 16:53:57] [INFO] g: 3
[2024-12-18 16:53:57] [INFO] p: 7091219195590106279216707624750100697172130678184646587433372617198322496737742878391131836035665504971029638302688811048581540878562252752715651252576333
[2024-12-18 16:53:57] [INFO] Вычислено B: 5000818248434616451213405722486266969395645968209276549746206305693435712913766533021223680546567651023703420156118763746055523117262299776320901055916189
[2024-12-18 16:53:57] [INFO] Отправлено B: 5000818248434616451213405722486266969395645968209276549746206305693435712913766533021223680546567651023703420156118763746055523117262299776320901055916189
[2024-12-18 16:53:57] [INFO] Вычислен сеансовый ключ K: 3871418368910536748638079655492865546801400988547517986633289459063601277384905918776947486124669688020801284079369999507914016509190059074071054514095252
[2024-12-18 16:53:57] [INFO] Инициализация RC4 с ключом: 3871418368910536748638079655492865546801400988547517986633289459063601277384905918776947486124669688020801284079369999507914016509190059074071054514095252
[2024-12-18 16:53:57] [INFO] Аутентификация успешна
[2024-12-18 16:55:26] [INFO] Сгенерированы ключи RSA: e=1002234573190617840523884940091950440737405527313359, n=86144860806861469611001062960014591290801829450017602457542155323083855185353895499917585955253456268493161640714244818186155080252581097520548350083223723063427458236829213462783560826294653740900016064539848579480071996833072828692369330997676731549379554000451505242410602666218712346536116629757339570523, d=6401846612491845928415305158762906319874481692667834188324861855074942606569461748927355499238977793302013475067167423893576924328105353596296466068807789376038818736440193170573864898942968861822099903294530605816282138044770010678053627669004841141997650674027563767711782507636966419463753612389433013879
[2024-12-18 16:55:38] [INFO] Отправлен открытый ключ: e=1002234573190617840523884940091950440737405527313359, n=86144860806861469611001062960014591290801829450017602457542155323083855185353895499917585955253456268493161640714244818186155080252581097520548350083223723063427458236829213462783560826294653740900016064539848579480071996833072828692369330997676731549379554000451505242410602666218712346536116629757339570523
[2024-12-18 16:55:42] [INFO] Получен открытый ключ ClientO: e=1064702303551105630022157776988984280642699132899941, n=138059663099799541250093484990891355863960391352759188862802420275121261090079619649304678015431695426751825857597837681869554288725391466270700887524595487881005322734500599203720602330736630020436132440912169585617521743316171007008090512746080453802133088599646286075688354482254733599278603209435520823541
[2024-12-18 16:55:51] [INFO] Файл загружен: C:/Users/Zilant/PycharmProjects/InfoSecMessenger/Client/file.txt
[2024-12-18 16:55:56] [INFO] Хеш файла: 71e2a0ef241c096ce8d0d19071ada9fc
[2024-12-18 16:55:56] [INFO] Файл подписан: C:/Users/Zilant/PycharmProjects/InfoSecMessenger/Client/file.txt, X: 38823012796508575979319545836168435745840965739292914554685132897600284091202312549017284954299373688866231071875494349245736879771901709379856358742104776100062622254348023537508571833924370357309489618427103070594477442955388426584060846272478819884834844570192998981756603262440231336793488741559641778319
[2024-12-18 16:55:56] [INFO] Файл и подпись отправлены
[2024-12-18 17:21:12] [INFO] Захешированный sw от основного клиента: 078a7cc240b37addfcea4356aed7e1bc
[2024-12-18 17:21:12] [INFO] Хеш пароля: ff42f73a551092ba51c3487efc5f2e08
[2024-12-18 17:21:12] [INFO] Суперхеш: cd19847f134183fa686f383ba2ac9851
[2024-12-18 17:21:12] [INFO] Сгенерировано число b: 2406117681000188819
[2024-12-18 17:21:12] [INFO] Получены данные от основного клиента:
[2024-12-18 17:21:12] [INFO] A: 8485942875904038917026518490317412232536528087848994848771451985118756777433226225341718397699190314208628892482164122016184466776787949451305514268825127
[2024-12-18 17:21:12] [INFO] g: 11
[2024-12-18 17:21:12] [INFO] p: 11196369261740060118039855589646532094485045813443817766139307048355840221030114456183435672186070336957789218652339845035842645285729172221010452834248377
[2024-12-18 17:21:12] [INFO] Вычислено B: 4392385528009999690675190310675972825681887515878609642222831640569158423923267502550855446182218984151239117975910202763354281659736300560502525612929903
[2024-12-18 17:21:12] [INFO] Отправлено B: 4392385528009999690675190310675972825681887515878609642222831640569158423923267502550855446182218984151239117975910202763354281659736300560502525612929903
[2024-12-18 17:21:12] [INFO] Вычислен сеансовый ключ K: 1115343162809133481197650590635618162888452413872575895502912540959308348803199655136382929711109443792048050677740250646607508507550980678812951683311956
[2024-12-18 17:21:12] [INFO] Инициализация RC4 с ключом: 1115343162809133481197650590635618162888452413872575895502912540959308348803199655136382929711109443792048050677740250646607508507550980678812951683311956
[2024-12-18 17:21:12] [INFO] Аутентификация успешна
[2024-12-18 17:21:19] [INFO] Сгенерированы ключи RSA: e=1097323352907499408559695967548151201606555145661447, n=170571936910109301553201286200309382895463894220087813402581530600330500090403249056599260321081156463378680975345011925235030372652257170948518858635786053111717056166270255904994932068800345708359937337941943219984558840301271947607897988946971042467265134643627255853505831043281211203754518797617696181873, d=142778003121277883224820205245033282662175114973685379489793653480070455061136180848758949476773521415450352638351980837291601662062757389852904585588319207417855762500901146555186088224786185055709580974272496226139827477205434461926641362460648250785049137177382010857668747894782077181493152710799223643463
[2024-12-18 17:21:21] [INFO] Отправлен открытый ключ: e=1097323352907499408559695967548151201606555145661447, n=170571936910109301553201286200309382895463894220087813402581530600330500090403249056599260321081156463378680975345011925235030372652257170948518858635786053111717056166270255904994932068800345708359937337941943219984558840301271947607897988946971042467265134643627255853505831043281211203754518797617696181873
[2024-12-18 17:21:23] [INFO] Получен открытый ключ ClientO: e=939902894132445579162324502220025486321838767482981, n=83205998018720524538162665432981398107750830983601838550191216500415731776382397013949033735914655894928318214154599235672525659554617472538356324467331893589953185035924696212053058101861020129525342522467591678067580096566448494018335122878546854471713529453987639273828911006060218263016851054192807024489
[2024-12-18 17:21:26] [INFO] Файл загружен: C:/Users/Zilant/PycharmProjects/InfoSecMessenger/Client/file.txt
[2024-12-18 17:21:29] [INFO] Хеш файла: 71e2a0ef241c096ce8d0d19071ada9fc
[2024-12-18 17:21:29] [INFO] Файл подписан: C:/Users/Zilant/PycharmProjects/InfoSecMessenger/Client/file.txt, X: 89042360035335390816878994929482475481288822667285876377238659917246510334485196764019817743773198321226149907269173269377986078861955286321098725619465232007883021469667148004546836553926294004899800415372739811064062155824750834948730462070188862536027304749984785539367978389620385815118369220401269546001
[2024-12-18 17:21:29] [INFO] Файл и подпись отправлены
[2024-12-18 17:21:40] [ERROR] Ошибка в потоке сообщений: [WinError 10054] An existing connection was forcibly closed by the remote host
[2024-12-18 17:27:31] [INFO] Захешированный sw от основного клиента: 394eda93784a45ac48fb6713f6d604cd
[2024-12-18 17:27:31] [INFO] Хеш пароля: ff42f73a551092ba51c3487efc5f2e08
[2024-12-18 17:27:31] [INFO] Суперхеш: a0c055ee3bdfb015bd1dc6049c3c1454
[2024-12-18 17:27:31] [INFO] Сгенерировано число b: 635964552135245531
[2024-12-18 17:27:33] [INFO] Получены данные от основного клиента:
[2024-12-18 17:27:33] [INFO] A: 6180491359474650889519556499553411796034715110976737797891323897186842733768537256264039973266039065876611260185534930464142414075675824104480136104452521
[2024-12-18 17:27:33] [INFO] g: 11
[2024-12-18 17:27:33] [INFO] p: 13067387106537260315688214755000294902651890763210597764129711096093914379288304860144357027902262144204566886741125522774807921650771266524756528607819481
[2024-12-18 17:27:33] [INFO] Вычислено B: 7842024589095639025097473946883429818360271298730982579669355425479384748678570644073634189030422795216365027938304129316966309181178237455407277849130979
[2024-12-18 17:27:33] [INFO] Отправлено B: 7842024589095639025097473946883429818360271298730982579669355425479384748678570644073634189030422795216365027938304129316966309181178237455407277849130979
[2024-12-18 17:27:33] [INFO] Вычислен сеансовый ключ K: 6653385703223603510901698773123603826508137361029268735315160566339329580240011933353641601521040021927880670299441128117200950720486616552420995514823581
[2024-12-18 17:27:33] [INFO] Инициализация RC4 с ключом: 6653385703223603510901698773123603826508137361029268735315160566339329580240011933353641601521040021927880670299441128117200950720486616552420995514823581
[2024-12-18 17:27:33] [INFO] Аутентификация успешна
[2024-12-18 17:27:42] [INFO] Сгенерированы ключи RSA: e=859460336344620943617030899373103042513317195965221, n=134075980063711116452063800902420777201180679886312215629150335614157756046184666068468026382954109618803104383830532450846706024296038272163047075913747915189436288349950533095107963860800446777952570472676485682080355313950751400768753592453856488791135234109095232119373205944247175581800760941938304001759, d=66774170979342048781032365122084882874255389254538537817737980982882142105560016279752063669044066940206536021543647464327401922064754772503859737021356579861742677908887511926914479021123946315257620626069693739408506273039803312165620473010027307675789279926110450764428985112738158552007144330905160097845
[2024-12-18 17:27:43] [INFO] Отправлен открытый ключ: e=859460336344620943617030899373103042513317195965221, n=134075980063711116452063800902420777201180679886312215629150335614157756046184666068468026382954109618803104383830532450846706024296038272163047075913747915189436288349950533095107963860800446777952570472676485682080355313950751400768753592453856488791135234109095232119373205944247175581800760941938304001759
[2024-12-18 17:27:45] [INFO] Получен открытый ключ ClientO: e=1187905979870373178669995383099998306182322905585125, n=86236887063744294692512962604094709252850701483753866451578157853086159710240806412987402429775236872119519596557434423815117450973037373719434438798516570180598537423795346777821680293678062029052641184102956666453086046313034014659345088643690493830329718044197725306821284968735475421015470811861238169869
[2024-12-18 17:27:54] [INFO] Файл загружен: C:/Users/Zilant/PycharmProjects/InfoSecMessenger/Client/file.txt
[2024-12-18 17:27:56] [INFO] Хеш файла: bb370c70ce03c27fe1d76e770120c387
[2024-12-18 17:27:56] [INFO] Файл подписан: C:/Users/Zilant/PycharmProjects/InfoSecMessenger/Client/file.txt, X: 95320593195557621527256157014467767933230774486192392034793183214275044677408928522893636333234806571987606100875097380193308706205435200781126236934368832166691865368185813279185525726519767478196849012466907917526088444168232378332866887069830837631413884643089516054362170279429869651733624597467639455805
[2024-12-18 17:27:56] [INFO] Файл и подпись отправлены
[2024-12-18 17:28:38] [ERROR] Ошибка в потоке сообщений: [WinError 10054] An existing connection was forcibly closed by the remote host
[2024-12-18 17:31:44] [INFO] Захешированный sw от основного клиента: 761be9534835ee973b9394d1dfe4bab8
[2024-12-18 17:31:44] [INFO] Хеш пароля: ff42f73a551092ba51c3487efc5f2e08
[2024-12-18 17:31:44] [INFO] Суперхеш: 03fdab9da909d08194326044b32ffb77
[2024-12-18 17:31:44] [INFO] Сгенерировано число b: 2383527206833122855
[2024-12-18 17:31:44] [INFO] Получены данные от основного клиента:
[2024-12-18 17:31:44] [INFO] A: 2634044399758771354470068144444627896293528766507952973774310450640422223559547978487914923427353187228856591459640803806737936360091625419992136062428808
[2024-12-18 17:31:44] [INFO] g: 53
[2024-12-18 17:31:44] [INFO] p: 9121504392032808399441652745848075152209631396120322992541205728282631323144186231522993794226868155866925905675416934372190855755113789631385187098501891
[2024-12-18 17:31:44] [INFO] Вычислено B: 9092658300345818372891123741785822570351289877256336328372305091384345293662653378082255769770852231776170863679335088621773379683603021824584802202768047
[2024-12-18 17:31:44] [INFO] Отправлено B: 9092658300345818372891123741785822570351289877256336328372305091384345293662653378082255769770852231776170863679335088621773379683603021824584802202768047
[2024-12-18 17:31:44] [INFO] Вычислен сеансовый ключ K: 1257726305520015066720363694193590877115048923659539522554599167157113092060358237591996584910044014693307172023669651028100024402524851118400571940894319
[2024-12-18 17:31:44] [INFO] Инициализация RC4 с ключом: 1257726305520015066720363694193590877115048923659539522554599167157113092060358237591996584910044014693307172023669651028100024402524851118400571940894319
[2024-12-18 17:31:44] [INFO] Аутентификация успешна
[2024-12-18 17:31:49] [INFO] Сгенерированы ключи RSA: e=361200858050935738323688006633389039177009335086811, n=90698388230930058548103962699183704385219200496334023817184384792337312061700010900969358806602766540468751492924739712621136699454326167318731224895809507694262593570553012980346373762396688705688388927111037702898658498162622641023817467908807113875272817863111508953592193696992244350715014635267403014529, d=66538711874434732179794829374313072096552528333888996223130212975526749076161063402606916605587411353534894138101575622694622417452967796472489666336313130191180827936728790373517052429274933830961476843717947329965100596452640639431482614466137513828198063852832980734036227909643544915829551877819934931291
[2024-12-18 17:31:50] [INFO] Отправлен открытый ключ: e=361200858050935738323688006633389039177009335086811, n=90698388230930058548103962699183704385219200496334023817184384792337312061700010900969358806602766540468751492924739712621136699454326167318731224895809507694262593570553012980346373762396688705688388927111037702898658498162622641023817467908807113875272817863111508953592193696992244350715014635267403014529
[2024-12-18 17:31:51] [INFO] Получен открытый ключ ClientO: e=741181279536586735713349933232441854363059405858285, n=166648438999378758893157711792209312070068429013848258943875500563599637147537310062042739428151101660597653127615474491287883226822238169046711780782023693705294011735330090213711435956220460216993432439724699015840146657321461329061052262227744622565836278182466558629857823729141245702406128802433640781411
[2024-12-18 17:31:54] [INFO] Файл загружен: C:/Users/Zilant/PycharmProjects/InfoSecMessenger/Client/file.txt
[2024-12-18 17:32:07] [INFO] Хеш файла: bb370c70ce03c27fe1d76e770120c387
[2024-12-18 17:32:07] [INFO] Файл подписан: C:/Users/Zilant/PycharmProjects/InfoSecMessenger/Client/file.txt, X: 32630023385881259222043870568221515453260624604761254234758589910284110347804683503331035577885384867887470625594025369449010040276352659247177607442564407072710634620835882477054361593684730335388449947831705712862957968825018839328983154044146930321790946785172346409269985572732679900964995287445888164336
[2024-12-18 17:32:07] [INFO] Файл и подпись отправлены
[2024-12-18 17:32:27] [ERROR] Ошибка в потоке сообщений: [WinError 10054] An existing connection was forcibly closed by the remote host
[2024-12-18 17:39:24] [WARNING] Пользователь Zilant1337 уже существует
[2024-12-18 17:39:25] [ERROR] Ошибка регистрации: Пользователь уже существует
[2024-12-18 17:41:22] [INFO] Захешированный sw от основного клиента: 86d05a17bee46fee6030182975fbf656
[2024-12-18 17:41:22] [INFO] Хеш пароля: ff42f73a551092ba51c3487efc5f2e08
[2024-12-18 17:41:22] [INFO] Суперхеш: 3b36c663ac1cba18cf4e11dbc733cfdb
[2024-12-18 17:41:22] [INFO] Сгенерировано число b: 1130144814659629675
[2024-12-18 17:41:22] [INFO] Получены данные от хоста:
[2024-12-18 17:41:22] [INFO] A: 2008497082774506758594802790806873105522096550623647758634960627674585715032797807501105171883678650518208966633818536241649770191098013834495330497777825
[2024-12-18 17:41:22] [INFO] g: 89
[2024-12-18 17:41:22] [INFO] p: 7254518357317969916199659859053478103262846523571475040704893347968955306337560173596584153883019602683102552263380439008345319596601311200907152428003873
[2024-12-18 17:41:22] [INFO] Вычислено B: 1320020124143493984544819356431141544433918463315783272368126456550096405808151751679694194350625908537792086159916131939671559969170194458216881452357539
[2024-12-18 17:41:22] [INFO] Отправлено B: 1320020124143493984544819356431141544433918463315783272368126456550096405808151751679694194350625908537792086159916131939671559969170194458216881452357539
[2024-12-18 17:41:22] [INFO] Вычислен сеансовый ключ K: 554389667407474462306901807425681910365891393163217543294415838535273034433513010248253176164681159973471356326864125014104299172505670493552523926484601
[2024-12-18 17:41:22] [INFO] Инициализация RC4 с ключом: 554389667407474462306901807425681910365891393163217543294415838535273034433513010248253176164681159973471356326864125014104299172505670493552523926484601
[2024-12-18 17:41:22] [INFO] Аутентификация успешна
