[2024-12-18 16:48:54] [INFO] Пользователь с логином Zilant1337 и паролем AhjczAhjcz2014 успешно зарегистрирован
[2024-12-18 16:48:54] [INFO] Захешированный пароль: ff42f73a551092ba51c3487efc5f2e08
[2024-12-18 16:48:54] [INFO] Пользователь с логином Zilant1337 и паролем AhjczAhjcz2014 успешно зарегистрирован
[2024-12-18 16:49:04] [INFO] Аутентификация пользователя: Zilant1337
[2024-12-18 16:49:04] [INFO] Пользователь найден. Генерация SW и установка времени...
[2024-12-18 16:49:04] [INFO] SW: c5ff8a03658bd365aa5d91f92f53b8cf, Time: 2024-12-19 16:49:04.462287
[2024-12-18 16:49:04] [INFO] SW = c5ff8a03658bd365aa5d91f92f53b8cf и время = 2024-12-19 16:49:04.462287 для пользователя Zilant1337 обновлены
[2024-12-18 16:49:04] [INFO] Сгенерированный хеш sw: a608ab0e511a50fcdaf9aaa98f00a949
[2024-12-18 16:49:04] [INFO] Полученный хеш s от клиента: aa2b62030f46345fd23788ffa53f619e
[2024-12-18 16:49:04] [INFO] Хеш s` на основном клиенте: aa2b62030f46345fd23788ffa53f619e
[2024-12-18 16:49:04] [INFO] Аутентификация прошла успешно. Отправка SUCCESS...
[2024-12-18 16:49:04] [INFO] Сгенерировано число a: 7381900499814303951
[2024-12-18 16:49:04] [INFO] Генератор g: 53
[2024-12-18 16:49:04] [INFO] Сгенерировано простое число p: 9345708652001125218679188039030361945668338866294124841286289538973021443941093232079487366589483562858265170200907496537829583988789485229769995461533737
[2024-12-18 16:49:04] [INFO] Вычислено число A: 2619432234966296151720936228820569613872639446826572714530257665662929819657762163585932026248410274534663669040261939082088779087350883634596022846218230
[2024-12-18 16:49:04] [INFO] A, g, p отправлены клиенту
[2024-12-18 16:49:04] [INFO] Получено число B от клиента: 9145312738646017767357056254805461325159344138854121091863026508657289101770251250051340336279982531075811622479241718644510523160928503642161111749204007
[2024-12-18 16:49:04] [INFO] Вычислен сеансовый ключ K: 4539112498831675398393609728956974676799367117199405617354391478058827523259943107740355882873057695029829966326621590269182715450439014543770908489818586
[2024-12-18 16:49:04] [INFO] Инициализация RC4 с ключом: 4539112498831675398393609728956974676799367117199405617354391478058827523259943107740355882873057695029829966326621590269182715450439014543770908489818586
[2024-12-18 16:49:04] [INFO] Сеансовый ключ установлен
[2024-12-18 16:50:12] [INFO] Сгенерированы ключи RSA: e=364356393724890720786933407535536139353812973589731, n=83601357473033477050392873330284079677020433571858878208707258691545232894739970498681577450724384554356059401176731405028989477480982451230445913560415432693020233211217458017588601628840698961437135678918804337192021106760855606829651343632851650503930620801359607079785756261877816473282875906628885698423, d=39032474927406513344313140492985839550565406655523513083731343297462512295723613874660863675635593051270862859907122421192237775516709949236221291565342258302111326947488564739346042391658267485292312937466413345579118795961454207912074650440142079665949596219741164590536030256807518757172167212336639794891
[2024-12-18 16:53:57] [INFO] Аутентификация пользователя: Zilant1337
[2024-12-18 16:53:57] [INFO] Пользователь найден. Генерация SW и установка времени...
[2024-12-18 16:53:57] [INFO] SW: 7d72a725a1288ec2d26f5eb4b49249ab, Time: 2024-12-19 16:53:57.320879
[2024-12-18 16:53:57] [INFO] SW = 7d72a725a1288ec2d26f5eb4b49249ab и время = 2024-12-19 16:53:57.320879 для пользователя Zilant1337 обновлены
[2024-12-18 16:53:57] [INFO] Сгенерированный хеш sw: ebe9d3f55a92c24138106f7360b2b0d3
[2024-12-18 16:53:57] [INFO] Полученный хеш s от клиента: 0f8745a5e65e530e72077fff6322bbf3
[2024-12-18 16:53:57] [INFO] Хеш s` на основном клиенте: 0f8745a5e65e530e72077fff6322bbf3
[2024-12-18 16:53:57] [INFO] Аутентификация прошла успешно. Отправка SUCCESS...
[2024-12-18 16:53:57] [INFO] Сгенерировано число a: 558295784946701487
[2024-12-18 16:53:57] [INFO] Генератор g: 3
[2024-12-18 16:53:57] [INFO] Сгенерировано простое число p: 7091219195590106279216707624750100697172130678184646587433372617198322496737742878391131836035665504971029638302688811048581540878562252752715651252576333
[2024-12-18 16:53:57] [INFO] Вычислено число A: 6755878873064628368352784314209107112528928467921118644708678649705032748916307235519020839325827098344200775122493063965814368646239256237832935864167041
[2024-12-18 16:53:57] [INFO] A, g, p отправлены клиенту
[2024-12-18 16:53:57] [INFO] Получено число B от клиента: 5000818248434616451213405722486266969395645968209276549746206305693435712913766533021223680546567651023703420156118763746055523117262299776320901055916189
[2024-12-18 16:53:57] [INFO] Вычислен сеансовый ключ K: 3871418368910536748638079655492865546801400988547517986633289459063601277384905918776947486124669688020801284079369999507914016509190059074071054514095252
[2024-12-18 16:53:57] [INFO] Инициализация RC4 с ключом: 3871418368910536748638079655492865546801400988547517986633289459063601277384905918776947486124669688020801284079369999507914016509190059074071054514095252
[2024-12-18 16:53:57] [INFO] Сеансовый ключ установлен
[2024-12-18 16:55:38] [INFO] Получен открытый ключ клиента: e=1002234573190617840523884940091950440737405527313359, n=86144860806861469611001062960014591290801829450017602457542155323083855185353895499917585955253456268493161640714244818186155080252581097520548350083223723063427458236829213462783560826294653740900016064539848579480071996833072828692369330997676731549379554000451505242410602666218712346536116629757339570523
[2024-12-18 16:55:42] [INFO] Сгенерированы ключи RSA: e=1064702303551105630022157776988984280642699132899941, n=138059663099799541250093484990891355863960391352759188862802420275121261090079619649304678015431695426751825857597837681869554288725391466270700887524595487881005322734500599203720602330736630020436132440912169585617521743316171007008090512746080453802133088599646286075688354482254733599278603209435520823541, d=74370968864558331162549348118295210543977405467124939856393221723326246354346067449631723849061761539583492610847725683333726344638908203026153539630457526041600423539868382480729077996119605080484296498749575718628068775288120598477634219462596399474520289876211503277681358458944927725147958789577523577581
[2024-12-18 16:55:42] [INFO] Отправлен открытый ключ: e=1064702303551105630022157776988984280642699132899941, n=138059663099799541250093484990891355863960391352759188862802420275121261090079619649304678015431695426751825857597837681869554288725391466270700887524595487881005322734500599203720602330736630020436132440912169585617521743316171007008090512746080453802133088599646286075688354482254733599278603209435520823541
[2024-12-18 16:55:56] [INFO] Полученный файл: Р’Р°Р¶РЅС‹Р№ РїСЂРёРєР°Р·! РћС‡РµРЅСЊ РІР°Р¶РЅС‹Р№ РїСЂРёРєР°Р·!
[2024-12-18 16:55:56] [INFO] Полученный X: 38823012796508575979319545836168435745840965739292914554685132897600284091202312549017284954299373688866231071875494349245736879771901709379856358742104776100062622254348023537508571833924370357309489618427103070594477442955388426584060846272478819884834844570192998981756603262440231336793488741559641778319
[2024-12-18 16:55:56] [INFO] Хеш файла: 71e2a0ef241c096ce8d0d19071ada9fc
[2024-12-18 16:55:56] [INFO] H`: 151379486745967144645463083307982760444
[2024-12-18 16:55:56] [INFO] Вычисленная (Z): 151379486745967144645463083307982760444
[2024-12-18 16:55:56] [INFO] Подпись файла верна.
[2024-12-18 17:21:12] [INFO] Аутентификация пользователя: Zilant1337
[2024-12-18 17:21:12] [INFO] Пользователь найден. Генерация SW и установка времени...
[2024-12-18 17:21:12] [INFO] SW: ef57625f05e5ab250dab616a55c6f1d7, Time: 2024-12-19 17:21:12.426372
[2024-12-18 17:21:12] [INFO] SW = ef57625f05e5ab250dab616a55c6f1d7 и время = 2024-12-19 17:21:12.426372 для пользователя Zilant1337 обновлены
[2024-12-18 17:21:12] [INFO] Сгенерированный хеш sw: 078a7cc240b37addfcea4356aed7e1bc
[2024-12-18 17:21:12] [INFO] Полученный хеш s от клиента: cd19847f134183fa686f383ba2ac9851
[2024-12-18 17:21:12] [INFO] Хеш s` на основном клиенте: cd19847f134183fa686f383ba2ac9851
[2024-12-18 17:21:12] [INFO] Аутентификация прошла успешно. Отправка SUCCESS...
[2024-12-18 17:21:12] [INFO] Сгенерировано число a: 9093084913291017809
[2024-12-18 17:21:12] [INFO] Генератор g: 11
[2024-12-18 17:21:12] [INFO] Сгенерировано простое число p: 11196369261740060118039855589646532094485045813443817766139307048355840221030114456183435672186070336957789218652339845035842645285729172221010452834248377
[2024-12-18 17:21:12] [INFO] Вычислено число A: 8485942875904038917026518490317412232536528087848994848771451985118756777433226225341718397699190314208628892482164122016184466776787949451305514268825127
[2024-12-18 17:21:12] [INFO] A, g, p отправлены клиенту
[2024-12-18 17:21:12] [INFO] Получено число B от клиента: 4392385528009999690675190310675972825681887515878609642222831640569158423923267502550855446182218984151239117975910202763354281659736300560502525612929903
[2024-12-18 17:21:12] [INFO] Вычислен сеансовый ключ K: 1115343162809133481197650590635618162888452413872575895502912540959308348803199655136382929711109443792048050677740250646607508507550980678812951683311956
[2024-12-18 17:21:12] [INFO] Инициализация RC4 с ключом: 1115343162809133481197650590635618162888452413872575895502912540959308348803199655136382929711109443792048050677740250646607508507550980678812951683311956
[2024-12-18 17:21:12] [INFO] Сеансовый ключ установлен
[2024-12-18 17:21:21] [INFO] Получен открытый ключ клиента: e=1097323352907499408559695967548151201606555145661447, n=170571936910109301553201286200309382895463894220087813402581530600330500090403249056599260321081156463378680975345011925235030372652257170948518858635786053111717056166270255904994932068800345708359937337941943219984558840301271947607897988946971042467265134643627255853505831043281211203754518797617696181873
[2024-12-18 17:21:22] [INFO] Сгенерированы ключи RSA: e=939902894132445579162324502220025486321838767482981, n=83205998018720524538162665432981398107750830983601838550191216500415731776382397013949033735914655894928318214154599235672525659554617472538356324467331893589953185035924696212053058101861020129525342522467591678067580096566448494018335122878546854471713529453987639273828911006060218263016851054192807024489, d=61784151352339064664329719355018791095997304469885723966848217666248286897454918145662337375865947555292394418677529037047002254095672228728099928321294990221029142946467421018559152899828324246854692288272234952678190521755981378083562656117232321692528751915396837511764347333492014421259738951638474249581
[2024-12-18 17:21:23] [INFO] Отправлен открытый ключ: e=939902894132445579162324502220025486321838767482981, n=83205998018720524538162665432981398107750830983601838550191216500415731776382397013949033735914655894928318214154599235672525659554617472538356324467331893589953185035924696212053058101861020129525342522467591678067580096566448494018335122878546854471713529453987639273828911006060218263016851054192807024489
[2024-12-18 17:21:29] [INFO] Полученный файл: Р’Р°Р¶РЅС‹Р№ РїСЂРёРєР°Р·! РћС‡РµРЅСЊ РІР°Р¶РЅС‹Р№ РїСЂРёРєР°Р·!
[2024-12-18 17:21:29] [INFO] Полученный X: 89042360035335390816878994929482475481288822667285876377238659917246510334485196764019817743773198321226149907269173269377986078861955286321098725619465232007883021469667148004546836553926294004899800415372739811064062155824750834948730462070188862536027304749984785539367978389620385815118369220401269546001
[2024-12-18 17:21:29] [INFO] Хеш файла: 71e2a0ef241c096ce8d0d19071ada9fc
[2024-12-18 17:21:29] [INFO] H`: 151379486745967144645463083307982760444
[2024-12-18 17:21:29] [INFO] Вычисленная (Z): 151379486745967144645463083307982760444
[2024-12-18 17:21:29] [INFO] Подпись файла верна.
[2024-12-18 17:27:31] [INFO] Аутентификация пользователя: Zilant1337
[2024-12-18 17:27:31] [INFO] Пользователь найден. Генерация SW и установка времени...
[2024-12-18 17:27:31] [INFO] SW: 8eefaf46e10fca452b3207b6f7f2a98e, Time: 2024-12-19 17:27:31.919458
[2024-12-18 17:27:31] [INFO] SW = 8eefaf46e10fca452b3207b6f7f2a98e и время = 2024-12-19 17:27:31.919458 для пользователя Zilant1337 обновлены
[2024-12-18 17:27:31] [INFO] Сгенерированный хеш sw: 394eda93784a45ac48fb6713f6d604cd
[2024-12-18 17:27:31] [INFO] Полученный хеш s от клиента: a0c055ee3bdfb015bd1dc6049c3c1454
[2024-12-18 17:27:31] [INFO] Хеш s` на основном клиенте: a0c055ee3bdfb015bd1dc6049c3c1454
[2024-12-18 17:27:31] [INFO] Аутентификация прошла успешно. Отправка SUCCESS...
[2024-12-18 17:27:33] [INFO] Сгенерировано число a: 9698695064345860743
[2024-12-18 17:27:33] [INFO] Генератор g: 11
[2024-12-18 17:27:33] [INFO] Сгенерировано простое число p: 13067387106537260315688214755000294902651890763210597764129711096093914379288304860144357027902262144204566886741125522774807921650771266524756528607819481
[2024-12-18 17:27:33] [INFO] Вычислено число A: 6180491359474650889519556499553411796034715110976737797891323897186842733768537256264039973266039065876611260185534930464142414075675824104480136104452521
[2024-12-18 17:27:33] [INFO] A, g, p отправлены клиенту
[2024-12-18 17:27:33] [INFO] Получено число B от клиента: 7842024589095639025097473946883429818360271298730982579669355425479384748678570644073634189030422795216365027938304129316966309181178237455407277849130979
[2024-12-18 17:27:33] [INFO] Вычислен сеансовый ключ K: 6653385703223603510901698773123603826508137361029268735315160566339329580240011933353641601521040021927880670299441128117200950720486616552420995514823581
[2024-12-18 17:27:33] [INFO] Инициализация RC4 с ключом: 6653385703223603510901698773123603826508137361029268735315160566339329580240011933353641601521040021927880670299441128117200950720486616552420995514823581
[2024-12-18 17:27:33] [INFO] Сеансовый ключ установлен
[2024-12-18 17:27:43] [INFO] Получен открытый ключ клиента: e=859460336344620943617030899373103042513317195965221, n=134075980063711116452063800902420777201180679886312215629150335614157756046184666068468026382954109618803104383830532450846706024296038272163047075913747915189436288349950533095107963860800446777952570472676485682080355313950751400768753592453856488791135234109095232119373205944247175581800760941938304001759
[2024-12-18 17:27:44] [INFO] Сгенерированы ключи RSA: e=1187905979870373178669995383099998306182322905585125, n=86236887063744294692512962604094709252850701483753866451578157853086159710240806412987402429775236872119519596557434423815117450973037373719434438798516570180598537423795346777821680293678062029052641184102956666453086046313034014659345088643690493830329718044197725306821284968735475421015470811861238169869, d=25854306320216080260940102686098727033624487539058328169647391958612837457355278961868644942128900180655512394062565405604622396682378731612944732014965672549746248178845465562915333742347736105769425881326862783726092989474239765544811639383841376300846494680854380078159756578188900981943599187501669250221
[2024-12-18 17:27:45] [INFO] Отправлен открытый ключ: e=1187905979870373178669995383099998306182322905585125, n=86236887063744294692512962604094709252850701483753866451578157853086159710240806412987402429775236872119519596557434423815117450973037373719434438798516570180598537423795346777821680293678062029052641184102956666453086046313034014659345088643690493830329718044197725306821284968735475421015470811861238169869
[2024-12-18 17:27:56] [INFO] Полученный файл: VERY IMPORTANT MESSAGE!!!! 
[2024-12-18 17:27:56] [INFO] Полученный X: 95320593195557621527256157014467767933230774486192392034793183214275044677408928522893636333234806571987606100875097380193308706205435200781126236934368832166691865368185813279185525726519767478196849012466907917526088444168232378332866887069830837631413884643089516054362170279429869651733624597467639455805
[2024-12-18 17:27:56] [INFO] Хеш файла: bb370c70ce03c27fe1d76e770120c387
[2024-12-18 17:27:56] [INFO] H`: 248851463865226586468995694767508603783
[2024-12-18 17:27:56] [INFO] Вычисленная (Z): 248851463865226586468995694767508603783
[2024-12-18 17:27:56] [INFO] Подпись файла верна.
[2024-12-18 17:31:44] [INFO] Аутентификация пользователя: Zilant1337
[2024-12-18 17:31:44] [INFO] Пользователь найден. Генерация SW и установка времени...
[2024-12-18 17:31:44] [INFO] SW: 7f7d2e31dc77ff571862b08fd7046671, Time: 2024-12-19 17:31:44.692226
[2024-12-18 17:31:44] [INFO] SW = 7f7d2e31dc77ff571862b08fd7046671 и время = 2024-12-19 17:31:44.692226 для пользователя Zilant1337 обновлены
[2024-12-18 17:31:44] [INFO] Сгенерированный хеш sw: 761be9534835ee973b9394d1dfe4bab8
[2024-12-18 17:31:44] [INFO] Полученный хеш s от клиента: 03fdab9da909d08194326044b32ffb77
[2024-12-18 17:31:44] [INFO] Хеш s` на основном клиенте: 03fdab9da909d08194326044b32ffb77
[2024-12-18 17:31:44] [INFO] Аутентификация прошла успешно. Отправка SUCCESS...
[2024-12-18 17:31:44] [INFO] Сгенерировано число a: 16337647637378805727
[2024-12-18 17:31:44] [INFO] Генератор g: 53
[2024-12-18 17:31:44] [INFO] Сгенерировано простое число p: 9121504392032808399441652745848075152209631396120322992541205728282631323144186231522993794226868155866925905675416934372190855755113789631385187098501891
[2024-12-18 17:31:44] [INFO] Вычислено число A: 2634044399758771354470068144444627896293528766507952973774310450640422223559547978487914923427353187228856591459640803806737936360091625419992136062428808
[2024-12-18 17:31:44] [INFO] A, g, p отправлены клиенту
[2024-12-18 17:31:44] [INFO] Получено число B от клиента: 9092658300345818372891123741785822570351289877256336328372305091384345293662653378082255769770852231776170863679335088621773379683603021824584802202768047
[2024-12-18 17:31:44] [INFO] Вычислен сеансовый ключ K: 1257726305520015066720363694193590877115048923659539522554599167157113092060358237591996584910044014693307172023669651028100024402524851118400571940894319
[2024-12-18 17:31:44] [INFO] Инициализация RC4 с ключом: 1257726305520015066720363694193590877115048923659539522554599167157113092060358237591996584910044014693307172023669651028100024402524851118400571940894319
[2024-12-18 17:31:44] [INFO] Сеансовый ключ установлен
[2024-12-18 17:31:50] [INFO] Получен открытый ключ клиента: e=361200858050935738323688006633389039177009335086811, n=90698388230930058548103962699183704385219200496334023817184384792337312061700010900969358806602766540468751492924739712621136699454326167318731224895809507694262593570553012980346373762396688705688388927111037702898658498162622641023817467908807113875272817863111508953592193696992244350715014635267403014529
[2024-12-18 17:31:51] [INFO] Сгенерированы ключи RSA: e=741181279536586735713349933232441854363059405858285, n=166648438999378758893157711792209312070068429013848258943875500563599637147537310062042739428151101660597653127615474491287883226822238169046711780782023693705294011735330090213711435956220460216993432439724699015840146657321461329061052262227744622565836278182466558629857823729141245702406128802433640781411, d=120658526703773430757044233191501154826379383687714072436467667737039501937509338532866985177762223631485181794152107531220523537207452530082107306586806732333881671311157271295070691331273619743637486922376529684142053317599962879784980920058339789434607407020559927162443694369356517233191033906417914100165
[2024-12-18 17:31:51] [INFO] Отправлен открытый ключ: e=741181279536586735713349933232441854363059405858285, n=166648438999378758893157711792209312070068429013848258943875500563599637147537310062042739428151101660597653127615474491287883226822238169046711780782023693705294011735330090213711435956220460216993432439724699015840146657321461329061052262227744622565836278182466558629857823729141245702406128802433640781411
[2024-12-18 17:32:07] [INFO] Полученный файл: VERY IMPORTANT MESSAGE!!!! 
[2024-12-18 17:32:07] [INFO] Полученный X: 32630023385881259222043870568221515453260624604761254234758589910284110347804683503331035577885384867887470625594025369449010040276352659247177607442564407072710634620835882477054361593684730335388449947831705712862957968825018839328983154044146930321790946785172346409269985572732679900964995287445888164336
[2024-12-18 17:32:07] [INFO] Хеш файла: bb370c70ce03c27fe1d76e770120c387
[2024-12-18 17:32:07] [INFO] H`: 248851463865226586468995694767508603783
[2024-12-18 17:32:07] [INFO] Вычисленная (Z): 248851463865226586468995694767508603783
[2024-12-18 17:32:07] [INFO] Подпись файла верна.
[2024-12-18 17:39:24] [INFO] Пользователь с логином Zilant1337 уже существует
[2024-12-18 17:39:24] [INFO] Соединение закрыто.
[2024-12-18 17:41:22] [INFO] Аутентификация пользователя: Zilant1337
[2024-12-18 17:41:22] [INFO] Пользователь найден. Генерация SW и установка времени...
[2024-12-18 17:41:22] [INFO] SW: 2a9bc7220123d4be9dda124081d6dc57, Time: 2024-12-19 17:41:22.654863
[2024-12-18 17:41:22] [INFO] SW = 2a9bc7220123d4be9dda124081d6dc57 и время = 2024-12-19 17:41:22.654863 для пользователя Zilant1337 обновлены
[2024-12-18 17:41:22] [INFO] Сгенерированный хеш sw: 86d05a17bee46fee6030182975fbf656
[2024-12-18 17:41:22] [INFO] Полученный хеш s от клиента: 3b36c663ac1cba18cf4e11dbc733cfdb
[2024-12-18 17:41:22] [INFO] Хеш s` на основном клиенте: 3b36c663ac1cba18cf4e11dbc733cfdb
[2024-12-18 17:41:22] [INFO] Аутентификация прошла успешно. Отправка SUCCESS...
[2024-12-18 17:41:22] [INFO] Сгенерировано число a: 17821571669247464387
[2024-12-18 17:41:22] [INFO] Генератор g: 89
[2024-12-18 17:41:22] [INFO] Сгенерировано простое число p: 7254518357317969916199659859053478103262846523571475040704893347968955306337560173596584153883019602683102552263380439008345319596601311200907152428003873
[2024-12-18 17:41:22] [INFO] Вычислено число A: 2008497082774506758594802790806873105522096550623647758634960627674585715032797807501105171883678650518208966633818536241649770191098013834495330497777825
[2024-12-18 17:41:22] [INFO] A, g, p отправлены клиенту
[2024-12-18 17:41:22] [INFO] Получено число B от клиента: 1320020124143493984544819356431141544433918463315783272368126456550096405808151751679694194350625908537792086159916131939671559969170194458216881452357539
[2024-12-18 17:41:22] [INFO] Вычислен сеансовый ключ K: 554389667407474462306901807425681910365891393163217543294415838535273034433513010248253176164681159973471356326864125014104299172505670493552523926484601
[2024-12-18 17:41:22] [INFO] Инициализация RC4 с ключом: 554389667407474462306901807425681910365891393163217543294415838535273034433513010248253176164681159973471356326864125014104299172505670493552523926484601
[2024-12-18 17:41:22] [INFO] Сеансовый ключ установлен
[2024-12-19 11:09:28] [INFO] Аутентификация пользователя: Zilant1337
[2024-12-19 11:09:28] [INFO] Пользователь найден. Генерация SW и установка времени...
[2024-12-19 11:09:28] [INFO] SW: 1416ca8510b6c150e2ff282b9a845398, Time: 2024-12-20 11:09:28.103092
[2024-12-19 11:09:28] [INFO] SW = 1416ca8510b6c150e2ff282b9a845398 и время = 2024-12-20 11:09:28.103092 для пользователя Zilant1337 обновлены
[2024-12-19 11:09:28] [INFO] Сгенерированный хеш sw: 4de95c8c2805c15fb4d93a2b4515d693
[2024-12-19 11:09:28] [INFO] Полученный хеш s от клиента: 8ebf21491af8ea02c3283ebea17add8a
[2024-12-19 11:09:28] [INFO] Хеш s` на основном клиенте: 8ebf21491af8ea02c3283ebea17add8a
[2024-12-19 11:09:28] [INFO] Аутентификация прошла успешно. Отправка SUCCESS...
[2024-12-19 11:09:28] [INFO] Сгенерировано число a: 15699851000966186709
[2024-12-19 11:09:28] [INFO] Генератор g: 29
[2024-12-19 11:09:28] [INFO] Сгенерировано простое число p: 9449791989798182612573337580241679898030408689318709200783096724346097866522876101053639370928439012349946110656891069195402639290165914642470308550432433
[2024-12-19 11:09:28] [INFO] Вычислено число A: 5156751245461118199583118831430536394951786083723690435581204591128771699040586365472656683425570809712945260053071865839751566920438013426087260665363563
[2024-12-19 11:09:28] [INFO] A, g, p отправлены клиенту
[2024-12-19 11:09:28] [INFO] Получено число B от клиента: 1267316979793200223988422542097865649423362520334277722973077542892532737167507501998843888224819645581693842844127766128550878202824471245599126597737795
[2024-12-19 11:09:28] [INFO] Вычислен сеансовый ключ K: 3415328453051121624677121540131778097353782603197437001481102688578099424830419835438958003570516288373462099013233340734145370340941066650304125538778363
[2024-12-19 11:09:28] [INFO] Инициализация RC4 с ключом: 3415328453051121624677121540131778097353782603197437001481102688578099424830419835438958003570516288373462099013233340734145370340941066650304125538778363
[2024-12-19 11:09:28] [INFO] Сеансовый ключ установлен
[2024-12-19 11:09:44] [INFO] Получен открытый ключ клиента: e=1269957666222418634645950908864593470868653128440763, n=97302410202055582575361712735966536382796043090699480181018679702649156688487556820679234940205261081600725139987023208164328431457943794739243383242574302024422147848443385027229535849890071779236397461985186674196752533565381585964289760718495590698831660304953205715047389048559322456601363945147257607959
[2024-12-19 11:09:46] [INFO] Сгенерированы ключи RSA: e=837516199064295100283940044668973912899523262849779, n=106498895954600567615756099339091172469319508757718140316416868748778114231748469718967723683758527098105101760865142160639196128612750708884551582646819810186595329585616606095545748062380728732685881532082805054654561329256774306621333948246655137788059918072113028460779752599015312264063944664709740142469, d=35284623833868164218767160978442674153598831151880791359212027974632826365023979371683899773326921643187739690167333427567160265820161408102846717307332147561883192752932141753311677105315010250572140201642610251085542454767766880148196284369078798517712817003373631794845555429431573319706602618260953944063
[2024-12-19 11:09:47] [INFO] Отправлен открытый ключ: e=837516199064295100283940044668973912899523262849779, n=106498895954600567615756099339091172469319508757718140316416868748778114231748469718967723683758527098105101760865142160639196128612750708884551582646819810186595329585616606095545748062380728732685881532082805054654561329256774306621333948246655137788059918072113028460779752599015312264063944664709740142469
[2024-12-19 11:10:01] [INFO] Полученный файл: VERY IMPORTANT MESSAGE!!!! 
[2024-12-19 11:10:01] [INFO] Полученный X: 6518887693159464014103708801973322055561070211504100384448258851601108277501667446473699130304594468701180548531138883035367997716431363128098428419133946433809095948614893412133743293296551774298179562264749636722787140142871708824256642302929238188830380848437300666474806675543022145784445476558136486469
[2024-12-19 11:10:01] [INFO] Хеш файла: bb370c70ce03c27fe1d76e770120c387
[2024-12-19 11:10:01] [INFO] H`: 248851463865226586468995694767508603783
[2024-12-19 11:10:01] [INFO] Вычисленная (Z): 248851463865226586468995694767508603783
[2024-12-19 11:10:01] [INFO] Подпись файла верна.
[2024-12-19 11:28:15] [INFO] Аутентификация пользователя: Zilant1337
[2024-12-19 11:28:15] [INFO] Пользователь найден. Генерация SW и установка времени...
[2024-12-19 11:28:15] [INFO] SW: d4923c6216c2a55b33876a2359c004b0, Time: 2024-12-20 11:28:15.817559
[2024-12-19 11:28:15] [INFO] SW = d4923c6216c2a55b33876a2359c004b0 и время = 2024-12-20 11:28:15.817559 для пользователя Zilant1337 обновлены
[2024-12-19 11:28:15] [INFO] Сгенерированный хеш sw: fcae47090a1d57dcc58815e993f3fa5c
[2024-12-19 11:28:15] [INFO] Полученный хеш s от клиента: 9e7ef072770831f4376e5bdd2b9179f1
[2024-12-19 11:28:15] [INFO] Хеш s` на основном клиенте: 9e7ef072770831f4376e5bdd2b9179f1
[2024-12-19 11:28:15] [INFO] Аутентификация прошла успешно. Отправка SUCCESS...
[2024-12-19 11:28:15] [INFO] Сгенерировано число a: 7226360788879272645
[2024-12-19 11:28:15] [INFO] Генератор g: 11
[2024-12-19 11:28:16] [INFO] Сгенерировано простое число p: 11881092618841954891046234154731677222747086416881821309768219230882600143361302488042259796428622964591486304904438390792916883344979157855848755686199643
[2024-12-19 11:28:16] [INFO] Вычислено число A: 7058270560702233575268749620002747814186228770523049384885855361018237758165580299348809825604323863380829061563514922169792439134070825705669460409707975
[2024-12-19 11:28:16] [INFO] A, g, p отправлены клиенту
[2024-12-19 11:28:16] [INFO] Получено число B от клиента: 1638851200206859330737507101409189157400790588069221516032585545167175991994489410380038627401676716391965654407025066618294763533027672392806448891005413
[2024-12-19 11:28:16] [INFO] Вычислен сеансовый ключ K: 10212889465593129092887220036981229955644256308596641011114468625564973448092622969508843845896472973977260480235716527946979348098621426355985581754120831
[2024-12-19 11:28:16] [INFO] Инициализация RC4 с ключом: 10212889465593129092887220036981229955644256308596641011114468625564973448092622969508843845896472973977260480235716527946979348098621426355985581754120831
[2024-12-19 11:28:16] [INFO] Сеансовый ключ установлен
[2024-12-19 11:29:18] [INFO] Получен открытый ключ клиента: e=1000749487937823294949607997468231561271385711139629, n=140351368598330988147543507678621448105349979783067714838713262163015607739739026106587244524828788491717609682942067814368847512267752860038581978585265386439327567936963058899916013504148381947428297809617369224896153872092139541506992224248131553794653668889566284649645326882384588560787546713055088662157
[2024-12-19 11:29:21] [INFO] Сгенерированы ключи RSA: e=1475879222955815040303307119008467717311305006595443, n=103665700752067059552917970956911667001340051514739541452974386301174462401257068968698186786361216651008783463661695803630894447077414021607755138399374497356854333972440587840620061479158149849476733704895311505659090416707696665495204649175753510110207088893220262302813204829347241704510646287850280021387, d=6066188962947179534174291378453899007890790017363385824222685688493875235399368093123626647533184049948709991271383560478778702440491829576541087824942586957236375948427476521324977490737010741039102451436356311620986170040302890631583830936350410537282693573095403982779335472632227317293220443894679825523
[2024-12-19 11:29:21] [INFO] Отправлен открытый ключ: e=1475879222955815040303307119008467717311305006595443, n=103665700752067059552917970956911667001340051514739541452974386301174462401257068968698186786361216651008783463661695803630894447077414021607755138399374497356854333972440587840620061479158149849476733704895311505659090416707696665495204649175753510110207088893220262302813204829347241704510646287850280021387
[2024-12-19 11:29:25] [INFO] Полученный файл: VERY IMPORTANT MESSAGE!!!! 
[2024-12-19 11:29:25] [INFO] Полученный X: 72353634368698359699159629205672339354250123099897622096660079036472010029618975524768524597355548668025853350063408492666208475920796277512001705385665240411800402947004829045065064569633257518920197363006157545423962313697090684435057673564843579020402491341372265987327672551350725466549085459109835198354
[2024-12-19 11:29:25] [INFO] Хеш файла: bb370c70ce03c27fe1d76e770120c387
[2024-12-19 11:29:25] [INFO] H`: 248851463865226586468995694767508603783
[2024-12-19 11:29:25] [INFO] Вычисленная (Z): 248851463865226586468995694767508603783
[2024-12-19 11:29:25] [INFO] Подпись файла верна.
[2024-12-19 11:45:24] [INFO] Аутентификация пользователя: Zilant1337
[2024-12-19 11:45:24] [INFO] Пользователь найден. Генерация SW и установка времени...
[2024-12-19 11:45:24] [INFO] SW: bd59d9863e5233de4f8523a066fc5e96, Time: 2024-12-20 11:45:24.391165
[2024-12-19 11:45:24] [INFO] SW = bd59d9863e5233de4f8523a066fc5e96 и время = 2024-12-20 11:45:24.391165 для пользователя Zilant1337 обновлены
[2024-12-19 11:45:24] [INFO] Сгенерированный хеш sw: faafbd70cffc247234068a4d24f7aecb
[2024-12-19 11:45:24] [INFO] Полученный хеш s от клиента: f027e73d9db718769f45212c6d0a74f0
[2024-12-19 11:45:24] [INFO] Хеш s` на основном клиенте: f027e73d9db718769f45212c6d0a74f0
[2024-12-19 11:45:24] [INFO] Аутентификация прошла успешно. Отправка SUCCESS...
[2024-12-19 11:45:24] [INFO] Сгенерировано число a: 353429523051395049
[2024-12-19 11:45:24] [INFO] Генератор g: 83
[2024-12-19 11:45:24] [INFO] Сгенерировано простое число p: 13334533134787391364543663655474600054760215589396883669055803359751132644803089655558754546932194872182310257700336085531341717334272888254829871955574557
[2024-12-19 11:45:24] [INFO] Вычислено число A: 11814548904473194357385487357632882554916123353619819703217129039591635391557548755144156417529587010252563539869403707487554008657627167706182363190972267
[2024-12-19 11:45:24] [INFO] A, g, p отправлены клиенту
[2024-12-19 11:45:24] [INFO] Получено число B от клиента: 13275233423722794538810092887721148860441050754173854357461485692135530361177910807541196990924563144212226044845872804348432633664276524608833562578530012
[2024-12-19 11:45:24] [INFO] Вычислен сеансовый ключ K: 6676728784533958380023807075820444547741537526285805108056897988216864003685967858059610061697997261016013649191183372681063265537309166883068664957539218
[2024-12-19 11:45:24] [INFO] Инициализация RC4 с ключом: 6676728784533958380023807075820444547741537526285805108056897988216864003685967858059610061697997261016013649191183372681063265537309166883068664957539218
[2024-12-19 11:45:24] [INFO] Сеансовый ключ установлен
[2024-12-19 11:45:41] [INFO] Получен открытый ключ клиента: e=650465963498848483852446411938463256274036071499753, n=91734337648653537498602212455794894060497279805538593131289525403764896694724145826171727996081383552881955896763181734076042085790893807186510502008953322290753390910758765443249664662096216880679078893421680080016597184262781097862550329100268515298885210749702552326608367935917955380506301192339415114327
[2024-12-19 11:45:44] [INFO] Сгенерированы ключи RSA: e=1281992835733445052346306215867581562334552076489473, n=89827989342715991846553339618068419162447076725384740807961081360130738786750439147285154122514489892595218446431759784614767599996051309085114488260551223771175827951607561275510627613438404497529774289661427082467486331126872323872471853686642294054601543023958806375048118347258726339508597837442875452879, d=5005751208064946635528928370209615745600096458189210664579322210825388141612352284572894641439016283530457066113085147112145128880204579198035725972551692794571265362894515778093312473915116318946881712453951539873748014372717858743558050372610536294203115519270198619596215300718171240644648376012831878497
[2024-12-19 11:45:44] [INFO] Отправлен открытый ключ: e=1281992835733445052346306215867581562334552076489473, n=89827989342715991846553339618068419162447076725384740807961081360130738786750439147285154122514489892595218446431759784614767599996051309085114488260551223771175827951607561275510627613438404497529774289661427082467486331126872323872471853686642294054601543023958806375048118347258726339508597837442875452879
[2024-12-19 12:22:31] [INFO] Аутентификация пользователя: Zilant1337
[2024-12-19 12:22:31] [INFO] Пользователь найден. Генерация SW и установка времени...
[2024-12-19 12:22:31] [INFO] SW: 639094aea493fd6656cf06654d4caa41, Time: 2024-12-20 12:22:31.157216
[2024-12-19 12:22:31] [INFO] SW = 639094aea493fd6656cf06654d4caa41 и время = 2024-12-20 12:22:31.157216 для пользователя Zilant1337 обновлены
[2024-12-19 12:22:31] [INFO] Сгенерированный хеш sw: c3923ab266661fec5cdeac50eadeae77
[2024-12-19 12:22:31] [INFO] Полученный хеш s от клиента: da39fb552f78d91a1a0d08227bd8d73e
[2024-12-19 12:22:31] [INFO] Хеш s` на основном клиенте: da39fb552f78d91a1a0d08227bd8d73e
[2024-12-19 12:22:31] [INFO] Аутентификация прошла успешно. Отправка SUCCESS...
[2024-12-19 12:22:31] [INFO] Сгенерировано число a: 13736694686782454623
[2024-12-19 12:22:31] [INFO] Генератор g: 23
[2024-12-19 12:22:31] [INFO] Сгенерировано простое число p: 7124552991875629558955492870026424625629005088850256700067856143395404273067880956537163773962120955095405970568312455620982528394156086835697721279494333
[2024-12-19 12:22:31] [INFO] Вычислено число A: 1670629049338540672217259935458900948997341985954045035378804716181954595319647667622164450344914802990343335774629694648680271374804562521014293514666414
[2024-12-19 12:22:31] [INFO] A, g, p отправлены клиенту
[2024-12-19 12:22:31] [INFO] Получено число B от клиента: 2096194789962844849791494122194290803086912649529052399720277970991110787822846722881825290282973847833051375820244988224525495388166506180512968025633135
[2024-12-19 12:22:31] [INFO] Вычислен сеансовый ключ K: 5650770451346621507011095291427709617565774021894253792635616418192506731786699867991446335122919166782490372866559837950764299207917232682010225431796525
[2024-12-19 12:22:31] [INFO] Инициализация RC4 с ключом: 5650770451346621507011095291427709617565774021894253792635616418192506731786699867991446335122919166782490372866559837950764299207917232682010225431796525
[2024-12-19 12:22:31] [INFO] Сеансовый ключ установлен
[2024-12-19 12:24:57] [INFO] Пользователь с логином Zilant1337 и паролем AhjczAhjcz2014 успешно зарегистрирован
[2024-12-19 12:24:57] [INFO] Захешированный пароль: ff42f73a551092ba51c3487efc5f2e08
[2024-12-19 12:24:57] [INFO] Пользователь с логином Zilant1337 и паролем AhjczAhjcz2014 успешно зарегистрирован
[2024-12-19 12:25:10] [INFO] Аутентификация пользователя: Zilant1337
[2024-12-19 12:25:10] [INFO] Пользователь найден. Генерация SW и установка времени...
[2024-12-19 12:25:10] [INFO] SW: ffd79e9763edce48daadde8e5774516b, Time: 2024-12-20 12:25:10.981866
[2024-12-19 12:25:10] [INFO] SW = ffd79e9763edce48daadde8e5774516b и время = 2024-12-20 12:25:10.981866 для пользователя Zilant1337 обновлены
[2024-12-19 12:25:10] [INFO] Сгенерированный хеш sw: 90b63fb1a58195fe4a67f8868f8ae6d0
[2024-12-19 12:25:10] [INFO] Полученный хеш s от клиента: b8a2f1f3be0b8e66ad7ddc83a306b158
[2024-12-19 12:25:10] [INFO] Хеш s` на основном клиенте: b8a2f1f3be0b8e66ad7ddc83a306b158
[2024-12-19 12:25:10] [INFO] Аутентификация прошла успешно. Отправка SUCCESS...
[2024-12-19 12:25:10] [INFO] Сгенерировано число a: 5833902083566229289
[2024-12-19 12:25:10] [INFO] Генератор g: 11
[2024-12-19 12:25:11] [INFO] Сгенерировано простое число p: 11848071359783139461596830015405827981162782139363465544539721273478606313728374215430395489541123437226507104417094526472197974192719867008400137976462827
[2024-12-19 12:25:11] [INFO] Вычислено число A: 11037221168929032797837339043398044272620780417602459788873165361237481649820319510749277067015245224336291384126359297566562422176216764933302618464903986
[2024-12-19 12:25:11] [INFO] A, g, p отправлены клиенту
[2024-12-19 12:25:11] [INFO] Получено число B от клиента: 7217614205890674252025315414940676686178115713700217641790223377270013749321619663919227505431744544694406532207343339380302243375098713932435639007563901
[2024-12-19 12:25:11] [INFO] Вычислен сеансовый ключ K: 2071527878053048489807989633248309322311063656589810888276393316580978184957265589242296903808517461729227433534485419361096764847700963740011033279142417
[2024-12-19 12:25:11] [INFO] Инициализация RC4 с ключом: 2071527878053048489807989633248309322311063656589810888276393316580978184957265589242296903808517461729227433534485419361096764847700963740011033279142417
[2024-12-19 12:25:11] [INFO] Сеансовый ключ установлен
[2024-12-19 12:25:33] [INFO] Получен открытый ключ клиента: e=925261886052004896161335604375734831878545540827507, n=111577272390124562864508093152041882788553723771245034934296410904349645414629232638457366329848857017308357115079466108725402108575414674899157675967306859361463316597825238740373847278631012679672031422214473503748349596915819859370611654651608871612705616145398641826662556869984028025947262054328503964143
[2024-12-19 12:25:35] [INFO] Сгенерированы ключи RSA: e=98366953807541614705309123242118270880029067071847, n=90500479435295063277111409913152121052784414459739674573205215562424964277863238083750266176025011377721756060996227193642210212650388973649559391469560200611142783925439764532414560797440068972887665146070239383547781529549317482901132531652697204751818881499386573847352820679437919361487707686793522595801, d=24393666237548752975088244318061416637400741427509903115899391401210178086297771673895635207745765478425722930789213791316388400766062290811025622187673709659486813584692029076254253698873484698643371959005299969507793688985613850049632738237419522093571496331712936689236761213827363731411812783334461611139
[2024-12-19 12:25:35] [INFO] Отправлен открытый ключ: e=98366953807541614705309123242118270880029067071847, n=90500479435295063277111409913152121052784414459739674573205215562424964277863238083750266176025011377721756060996227193642210212650388973649559391469560200611142783925439764532414560797440068972887665146070239383547781529549317482901132531652697204751818881499386573847352820679437919361487707686793522595801
[2024-12-19 12:25:41] [INFO] Полученный файл: VERY IMPORTANT MESSAGE!!!! 
[2024-12-19 12:25:41] [INFO] Полученный X: 25120491101723124266265464098519749134331853634738611702187291207752906176361882129308201677485116397674555662248808009842635092889590327558904815754288538695641809946661369943041101387787759441723269644943109659152213810125222134506186171687789038712846175258356169486235853841924547807105395750469019032012
[2024-12-19 12:25:41] [INFO] Хеш файла: bb370c70ce03c27fe1d76e770120c387
[2024-12-19 12:25:41] [INFO] H`: 248851463865226586468995694767508603783
[2024-12-19 12:25:41] [INFO] Вычисленная (Z): 248851463865226586468995694767508603783
[2024-12-19 12:25:41] [INFO] Подпись файла верна.
[2024-12-19 12:28:01] [INFO] Аутентификация пользователя: Zilant1337
[2024-12-19 12:28:01] [INFO] Пользователь найден. Генерация SW и установка времени...
[2024-12-19 12:28:01] [INFO] SW: fa86798934aa0a8622e1a6eee7cb2148, Time: 2024-12-20 12:28:01.132294
[2024-12-19 12:28:01] [INFO] SW = fa86798934aa0a8622e1a6eee7cb2148 и время = 2024-12-20 12:28:01.132294 для пользователя Zilant1337 обновлены
[2024-12-19 12:28:01] [INFO] Сгенерированный хеш sw: ac03e69f1bca1b125f6f6470a2bb90ad
[2024-12-19 12:28:01] [INFO] Полученный хеш s от клиента: cb67191d1536649ad1a9094bc456702b
[2024-12-19 12:28:01] [INFO] Хеш s` на основном клиенте: cb67191d1536649ad1a9094bc456702b
[2024-12-19 12:28:01] [INFO] Аутентификация прошла успешно. Отправка SUCCESS...
[2024-12-19 12:28:01] [INFO] Сгенерировано число a: 7991627549317524491
[2024-12-19 12:28:01] [INFO] Генератор g: 3
[2024-12-19 12:28:01] [INFO] Сгенерировано простое число p: 13406955274087799827680699658669590010775949660371444784015899201086532686985049038661436497178122828920166433299996758495692789570439220267076321153603529
[2024-12-19 12:28:01] [INFO] Вычислено число A: 2065668762584329760715717778988242466828187030535847057839960247948283474552011682630306985694221520498900716638336355356907577386372869875260420813014690
[2024-12-19 12:28:01] [INFO] A, g, p отправлены клиенту
[2024-12-19 12:28:01] [INFO] Получено число B от клиента: 9813352097425847573280085457232878082976883498857008546044239601130756910196816133917767424685866798737263031740591416798423622981335912335030558006869571
[2024-12-19 12:28:01] [INFO] Вычислен сеансовый ключ K: 8151977171865085325300341132530173510618290956745693167254948264640331091207240198451889363358067272923748223479471700948925244308641238847094221949575154
[2024-12-19 12:28:01] [INFO] Инициализация RC4 с ключом: 8151977171865085325300341132530173510618290956745693167254948264640331091207240198451889363358067272923748223479471700948925244308641238847094221949575154
[2024-12-19 12:28:01] [INFO] Сеансовый ключ установлен
[2024-12-19 12:45:26] [INFO] Аутентификация пользователя: Zilant1337
[2024-12-19 12:45:26] [INFO] Пользователь найден. Генерация SW и установка времени...
[2024-12-19 12:45:26] [INFO] SW: 2155b382a55cb988c21b1780c799995c, Time: 2024-12-20 12:45:26.292023
[2024-12-19 12:45:26] [INFO] SW = 2155b382a55cb988c21b1780c799995c и время = 2024-12-20 12:45:26.292023 для пользователя Zilant1337 обновлены
[2024-12-19 12:45:26] [INFO] Сгенерированный хеш sw: 2d2742a1b24c1fdc90b971cbbbb805ed
[2024-12-19 12:45:26] [INFO] Полученный хеш s от клиента: 3a2dc3ba364fb8ba8f950aa29eab0478
[2024-12-19 12:45:26] [INFO] Хеш s` на основном клиенте: 3a2dc3ba364fb8ba8f950aa29eab0478
[2024-12-19 12:45:26] [INFO] Аутентификация прошла успешно. Отправка SUCCESS...
[2024-12-19 12:45:26] [INFO] Сгенерировано число a: 17685479228293995483
[2024-12-19 12:45:26] [INFO] Генератор g: 23
[2024-12-19 12:45:27] [INFO] Сгенерировано простое число p: 9704931652070165486728253074677041538296826429137432021634568057179116194390387707106336055014500951164319749681555898023634420666860252517567462088280201
[2024-12-19 12:45:27] [INFO] Вычислено число A: 4187579731279586968627094693620721973813974879421443968376875924372441185832385319766841357937644326895284385181934051201506894145775821428725958696875904
[2024-12-19 12:45:27] [INFO] A, g, p отправлены клиенту
[2024-12-19 12:45:27] [INFO] Получено число B от клиента: 6331968983641959459431210286431267928769636775666828478627447676428880338837305567114788422949421745340058707014162331858377880918128233123980418129081572
[2024-12-19 12:45:27] [INFO] Вычислен сеансовый ключ K: 6033328778387838111585634178047202850815891810391998048272273531959353775280370593330768349288615359192556703375473283066985540489210050478660164501286680
[2024-12-19 12:45:27] [INFO] Инициализация RC4 с ключом: 6033328778387838111585634178047202850815891810391998048272273531959353775280370593330768349288615359192556703375473283066985540489210050478660164501286680
[2024-12-19 12:45:27] [INFO] Сеансовый ключ установлен
[2024-12-19 12:46:27] [INFO] Аутентификация пользователя: Zilant1337
[2024-12-19 12:46:27] [INFO] Пользователь найден. Генерация SW и установка времени...
[2024-12-19 12:46:27] [INFO] SW: 53e0bceb4b932e4502775b76735b1a53, Time: 2024-12-20 12:46:27.329036
[2024-12-19 12:46:27] [INFO] SW = 53e0bceb4b932e4502775b76735b1a53 и время = 2024-12-20 12:46:27.329036 для пользователя Zilant1337 обновлены
[2024-12-19 12:46:27] [INFO] Сгенерированный хеш sw: 012a6f48214d096b0bf9a4c5f2235abe
[2024-12-19 12:46:27] [INFO] Полученный хеш s от клиента: bc6db0558941ff991e8698641e5b32a9
[2024-12-19 12:46:27] [INFO] Хеш s` на основном клиенте: bc6db0558941ff991e8698641e5b32a9
[2024-12-19 12:46:27] [INFO] Аутентификация прошла успешно. Отправка SUCCESS...
[2024-12-19 12:46:27] [INFO] Сгенерировано число a: 5457852805326496575
[2024-12-19 12:46:27] [INFO] Генератор g: 83
[2024-12-19 12:46:27] [INFO] Сгенерировано простое число p: 8574760495627920998631885278026287955313194155907521610423370541956244153364131648461636715706007206783464828681819277450784477131139965524920930179980079
[2024-12-19 12:46:27] [INFO] Вычислено число A: 1633306052992650884250158455004659507978876934110178793974704079843712567314063165312674954481205253204458733293846516173180080033733000122420914333500481
[2024-12-19 12:46:27] [INFO] A, g, p отправлены клиенту
[2024-12-19 12:46:27] [INFO] Получено число B от клиента: 2261264392621055027369932460019725452553755411516025600162994699597361757478953157317279726560362528699672642751799006161994672066007718360129911724338009
[2024-12-19 12:46:27] [INFO] Вычислен сеансовый ключ K: 1104814968937713724495550315065258721760983259166563404211844344600205627703983312069139271886049813753490533406247585377031115000227450296064792282695419
[2024-12-19 12:46:27] [INFO] Инициализация RC4 с ключом: 1104814968937713724495550315065258721760983259166563404211844344600205627703983312069139271886049813753490533406247585377031115000227450296064792282695419
[2024-12-19 12:46:27] [INFO] Сеансовый ключ установлен
[2024-12-19 12:52:38] [INFO] Аутентификация пользователя: Zilant1337
[2024-12-19 12:52:38] [INFO] Пользователь найден. Генерация SW и установка времени...
[2024-12-19 12:52:38] [INFO] SW: 7a548d2370f1390416d3beafee766279, Time: 2024-12-20 12:52:38.606929
[2024-12-19 12:52:38] [INFO] SW = 7a548d2370f1390416d3beafee766279 и время = 2024-12-20 12:52:38.606929 для пользователя Zilant1337 обновлены
[2024-12-19 12:52:38] [INFO] Сгенерированный хеш sw: 2c613f4172f55c2087bc98f5aef26f86
[2024-12-19 12:52:38] [INFO] Полученный хеш s от клиента: a53408337cb0204db4fab462bdad8884
[2024-12-19 12:52:38] [INFO] Хеш s` на основном клиенте: a53408337cb0204db4fab462bdad8884
[2024-12-19 12:52:38] [INFO] Аутентификация прошла успешно. Отправка SUCCESS...
[2024-12-19 12:52:38] [INFO] Сгенерировано число a: 8528229258713813213
[2024-12-19 12:52:38] [INFO] Генератор g: 89
[2024-12-19 12:52:39] [INFO] Сгенерировано простое число p: 12989524367508289253697122428474983761495557598515946806289410300126790299121374704287349334687363726930119806577981590863086772504306147134376532237354309
[2024-12-19 12:52:39] [INFO] Вычислено число A: 6119233490680746600755624939304312668400954030008997562005972532432790141913769566747691091825353579945098747770680614656147274175292354565290592914532058
[2024-12-19 12:52:39] [INFO] A, g, p отправлены клиенту
[2024-12-19 12:52:39] [INFO] Получено число B от клиента: 11165418059436147046527578437000629908306062142758331259948102796753146527212569209217419390196953426716278642689414726085354085678411518477507219458298948
[2024-12-19 12:52:39] [INFO] Вычислен сеансовый ключ K: 4812194309769345071159031838625419859195509561452756807423889575382955130668798963785911341976819650947652775255654624701273757843570784115076647888239376
[2024-12-19 12:52:39] [INFO] Инициализация RC4 с ключом: 4812194309769345071159031838625419859195509561452756807423889575382955130668798963785911341976819650947652775255654624701273757843570784115076647888239376
[2024-12-19 12:52:39] [INFO] Сеансовый ключ установлен
