[2024-12-18 16:48:54] [INFO] Пользователь с логином Zilant1337 и паролем AhjczAhjcz2014 успешно зарегистрирован
[2024-12-18 16:48:54] [INFO] Захешированный пароль: ff42f73a551092ba51c3487efc5f2e08
[2024-12-18 16:48:54] [INFO] Пользователь с логином Zilant1337 и паролем AhjczAhjcz2014 успешно зарегистрирован
[2024-12-18 16:49:04] [INFO] Аутентификация пользователя: Zilant1337
[2024-12-18 16:49:04] [INFO] Пользователь найден. Генерация SW и установка времени...
[2024-12-18 16:49:04] [INFO] SW: c5ff8a03658bd365aa5d91f92f53b8cf, Time: 2024-12-19 16:49:04.462287
[2024-12-18 16:49:04] [INFO] SW = c5ff8a03658bd365aa5d91f92f53b8cf и время = 2024-12-19 16:49:04.462287 для пользователя Zilant1337 обновлены
[2024-12-18 16:49:04] [INFO] Сгенерированный хеш sw: a608ab0e511a50fcdaf9aaa98f00a949
[2024-12-18 16:49:04] [INFO] Полученный хеш s от клиента: aa2b62030f46345fd23788ffa53f619e
[2024-12-18 16:49:04] [INFO] Хеш s` на основном клиенте: aa2b62030f46345fd23788ffa53f619e
[2024-12-18 16:49:04] [INFO] Аутентификация прошла успешно. Отправка SUCCESS...
[2024-12-18 16:49:04] [INFO] Сгенерировано число a: 7381900499814303951
[2024-12-18 16:49:04] [INFO] Генератор g: 53
[2024-12-18 16:49:04] [INFO] Сгенерировано простое число p: 9345708652001125218679188039030361945668338866294124841286289538973021443941093232079487366589483562858265170200907496537829583988789485229769995461533737
[2024-12-18 16:49:04] [INFO] Вычислено число A: 2619432234966296151720936228820569613872639446826572714530257665662929819657762163585932026248410274534663669040261939082088779087350883634596022846218230
[2024-12-18 16:49:04] [INFO] A, g, p отправлены клиенту
[2024-12-18 16:49:04] [INFO] Получено число B от клиента: 9145312738646017767357056254805461325159344138854121091863026508657289101770251250051340336279982531075811622479241718644510523160928503642161111749204007
[2024-12-18 16:49:04] [INFO] Вычислен сеансовый ключ K: 4539112498831675398393609728956974676799367117199405617354391478058827523259943107740355882873057695029829966326621590269182715450439014543770908489818586
[2024-12-18 16:49:04] [INFO] Инициализация RC4 с ключом: 4539112498831675398393609728956974676799367117199405617354391478058827523259943107740355882873057695029829966326621590269182715450439014543770908489818586
[2024-12-18 16:49:04] [INFO] Сеансовый ключ установлен
[2024-12-18 16:50:12] [INFO] Сгенерированы ключи RSA: e=364356393724890720786933407535536139353812973589731, n=83601357473033477050392873330284079677020433571858878208707258691545232894739970498681577450724384554356059401176731405028989477480982451230445913560415432693020233211217458017588601628840698961437135678918804337192021106760855606829651343632851650503930620801359607079785756261877816473282875906628885698423, d=39032474927406513344313140492985839550565406655523513083731343297462512295723613874660863675635593051270862859907122421192237775516709949236221291565342258302111326947488564739346042391658267485292312937466413345579118795961454207912074650440142079665949596219741164590536030256807518757172167212336639794891
[2024-12-18 16:53:57] [INFO] Аутентификация пользователя: Zilant1337
[2024-12-18 16:53:57] [INFO] Пользователь найден. Генерация SW и установка времени...
[2024-12-18 16:53:57] [INFO] SW: 7d72a725a1288ec2d26f5eb4b49249ab, Time: 2024-12-19 16:53:57.320879
[2024-12-18 16:53:57] [INFO] SW = 7d72a725a1288ec2d26f5eb4b49249ab и время = 2024-12-19 16:53:57.320879 для пользователя Zilant1337 обновлены
[2024-12-18 16:53:57] [INFO] Сгенерированный хеш sw: ebe9d3f55a92c24138106f7360b2b0d3
[2024-12-18 16:53:57] [INFO] Полученный хеш s от клиента: 0f8745a5e65e530e72077fff6322bbf3
[2024-12-18 16:53:57] [INFO] Хеш s` на основном клиенте: 0f8745a5e65e530e72077fff6322bbf3
[2024-12-18 16:53:57] [INFO] Аутентификация прошла успешно. Отправка SUCCESS...
[2024-12-18 16:53:57] [INFO] Сгенерировано число a: 558295784946701487
[2024-12-18 16:53:57] [INFO] Генератор g: 3
[2024-12-18 16:53:57] [INFO] Сгенерировано простое число p: 7091219195590106279216707624750100697172130678184646587433372617198322496737742878391131836035665504971029638302688811048581540878562252752715651252576333
[2024-12-18 16:53:57] [INFO] Вычислено число A: 6755878873064628368352784314209107112528928467921118644708678649705032748916307235519020839325827098344200775122493063965814368646239256237832935864167041
[2024-12-18 16:53:57] [INFO] A, g, p отправлены клиенту
[2024-12-18 16:53:57] [INFO] Получено число B от клиента: 5000818248434616451213405722486266969395645968209276549746206305693435712913766533021223680546567651023703420156118763746055523117262299776320901055916189
[2024-12-18 16:53:57] [INFO] Вычислен сеансовый ключ K: 3871418368910536748638079655492865546801400988547517986633289459063601277384905918776947486124669688020801284079369999507914016509190059074071054514095252
[2024-12-18 16:53:57] [INFO] Инициализация RC4 с ключом: 3871418368910536748638079655492865546801400988547517986633289459063601277384905918776947486124669688020801284079369999507914016509190059074071054514095252
[2024-12-18 16:53:57] [INFO] Сеансовый ключ установлен
[2024-12-18 16:55:38] [INFO] Получен открытый ключ клиента: e=1002234573190617840523884940091950440737405527313359, n=86144860806861469611001062960014591290801829450017602457542155323083855185353895499917585955253456268493161640714244818186155080252581097520548350083223723063427458236829213462783560826294653740900016064539848579480071996833072828692369330997676731549379554000451505242410602666218712346536116629757339570523
[2024-12-18 16:55:42] [INFO] Сгенерированы ключи RSA: e=1064702303551105630022157776988984280642699132899941, n=138059663099799541250093484990891355863960391352759188862802420275121261090079619649304678015431695426751825857597837681869554288725391466270700887524595487881005322734500599203720602330736630020436132440912169585617521743316171007008090512746080453802133088599646286075688354482254733599278603209435520823541, d=74370968864558331162549348118295210543977405467124939856393221723326246354346067449631723849061761539583492610847725683333726344638908203026153539630457526041600423539868382480729077996119605080484296498749575718628068775288120598477634219462596399474520289876211503277681358458944927725147958789577523577581
[2024-12-18 16:55:42] [INFO] Отправлен открытый ключ: e=1064702303551105630022157776988984280642699132899941, n=138059663099799541250093484990891355863960391352759188862802420275121261090079619649304678015431695426751825857597837681869554288725391466270700887524595487881005322734500599203720602330736630020436132440912169585617521743316171007008090512746080453802133088599646286075688354482254733599278603209435520823541
[2024-12-18 16:55:56] [INFO] Полученный файл: Р’Р°Р¶РЅС‹Р№ РїСЂРёРєР°Р·! РћС‡РµРЅСЊ РІР°Р¶РЅС‹Р№ РїСЂРёРєР°Р·!
[2024-12-18 16:55:56] [INFO] Полученный X: 38823012796508575979319545836168435745840965739292914554685132897600284091202312549017284954299373688866231071875494349245736879771901709379856358742104776100062622254348023537508571833924370357309489618427103070594477442955388426584060846272478819884834844570192998981756603262440231336793488741559641778319
[2024-12-18 16:55:56] [INFO] Хеш файла: 71e2a0ef241c096ce8d0d19071ada9fc
[2024-12-18 16:55:56] [INFO] H`: 151379486745967144645463083307982760444
[2024-12-18 16:55:56] [INFO] Вычисленная (Z): 151379486745967144645463083307982760444
[2024-12-18 16:55:56] [INFO] Подпись файла верна.
[2024-12-18 17:21:12] [INFO] Аутентификация пользователя: Zilant1337
[2024-12-18 17:21:12] [INFO] Пользователь найден. Генерация SW и установка времени...
[2024-12-18 17:21:12] [INFO] SW: ef57625f05e5ab250dab616a55c6f1d7, Time: 2024-12-19 17:21:12.426372
[2024-12-18 17:21:12] [INFO] SW = ef57625f05e5ab250dab616a55c6f1d7 и время = 2024-12-19 17:21:12.426372 для пользователя Zilant1337 обновлены
[2024-12-18 17:21:12] [INFO] Сгенерированный хеш sw: 078a7cc240b37addfcea4356aed7e1bc
[2024-12-18 17:21:12] [INFO] Полученный хеш s от клиента: cd19847f134183fa686f383ba2ac9851
[2024-12-18 17:21:12] [INFO] Хеш s` на основном клиенте: cd19847f134183fa686f383ba2ac9851
[2024-12-18 17:21:12] [INFO] Аутентификация прошла успешно. Отправка SUCCESS...
[2024-12-18 17:21:12] [INFO] Сгенерировано число a: 9093084913291017809
[2024-12-18 17:21:12] [INFO] Генератор g: 11
[2024-12-18 17:21:12] [INFO] Сгенерировано простое число p: 11196369261740060118039855589646532094485045813443817766139307048355840221030114456183435672186070336957789218652339845035842645285729172221010452834248377
[2024-12-18 17:21:12] [INFO] Вычислено число A: 8485942875904038917026518490317412232536528087848994848771451985118756777433226225341718397699190314208628892482164122016184466776787949451305514268825127
[2024-12-18 17:21:12] [INFO] A, g, p отправлены клиенту
[2024-12-18 17:21:12] [INFO] Получено число B от клиента: 4392385528009999690675190310675972825681887515878609642222831640569158423923267502550855446182218984151239117975910202763354281659736300560502525612929903
[2024-12-18 17:21:12] [INFO] Вычислен сеансовый ключ K: 1115343162809133481197650590635618162888452413872575895502912540959308348803199655136382929711109443792048050677740250646607508507550980678812951683311956
[2024-12-18 17:21:12] [INFO] Инициализация RC4 с ключом: 1115343162809133481197650590635618162888452413872575895502912540959308348803199655136382929711109443792048050677740250646607508507550980678812951683311956
[2024-12-18 17:21:12] [INFO] Сеансовый ключ установлен
[2024-12-18 17:21:21] [INFO] Получен открытый ключ клиента: e=1097323352907499408559695967548151201606555145661447, n=170571936910109301553201286200309382895463894220087813402581530600330500090403249056599260321081156463378680975345011925235030372652257170948518858635786053111717056166270255904994932068800345708359937337941943219984558840301271947607897988946971042467265134643627255853505831043281211203754518797617696181873
[2024-12-18 17:21:22] [INFO] Сгенерированы ключи RSA: e=939902894132445579162324502220025486321838767482981, n=83205998018720524538162665432981398107750830983601838550191216500415731776382397013949033735914655894928318214154599235672525659554617472538356324467331893589953185035924696212053058101861020129525342522467591678067580096566448494018335122878546854471713529453987639273828911006060218263016851054192807024489, d=61784151352339064664329719355018791095997304469885723966848217666248286897454918145662337375865947555292394418677529037047002254095672228728099928321294990221029142946467421018559152899828324246854692288272234952678190521755981378083562656117232321692528751915396837511764347333492014421259738951638474249581
[2024-12-18 17:21:23] [INFO] Отправлен открытый ключ: e=939902894132445579162324502220025486321838767482981, n=83205998018720524538162665432981398107750830983601838550191216500415731776382397013949033735914655894928318214154599235672525659554617472538356324467331893589953185035924696212053058101861020129525342522467591678067580096566448494018335122878546854471713529453987639273828911006060218263016851054192807024489
[2024-12-18 17:21:29] [INFO] Полученный файл: Р’Р°Р¶РЅС‹Р№ РїСЂРёРєР°Р·! РћС‡РµРЅСЊ РІР°Р¶РЅС‹Р№ РїСЂРёРєР°Р·!
[2024-12-18 17:21:29] [INFO] Полученный X: 89042360035335390816878994929482475481288822667285876377238659917246510334485196764019817743773198321226149907269173269377986078861955286321098725619465232007883021469667148004546836553926294004899800415372739811064062155824750834948730462070188862536027304749984785539367978389620385815118369220401269546001
[2024-12-18 17:21:29] [INFO] Хеш файла: 71e2a0ef241c096ce8d0d19071ada9fc
[2024-12-18 17:21:29] [INFO] H`: 151379486745967144645463083307982760444
[2024-12-18 17:21:29] [INFO] Вычисленная (Z): 151379486745967144645463083307982760444
[2024-12-18 17:21:29] [INFO] Подпись файла верна.
[2024-12-18 17:27:31] [INFO] Аутентификация пользователя: Zilant1337
[2024-12-18 17:27:31] [INFO] Пользователь найден. Генерация SW и установка времени...
[2024-12-18 17:27:31] [INFO] SW: 8eefaf46e10fca452b3207b6f7f2a98e, Time: 2024-12-19 17:27:31.919458
[2024-12-18 17:27:31] [INFO] SW = 8eefaf46e10fca452b3207b6f7f2a98e и время = 2024-12-19 17:27:31.919458 для пользователя Zilant1337 обновлены
[2024-12-18 17:27:31] [INFO] Сгенерированный хеш sw: 394eda93784a45ac48fb6713f6d604cd
[2024-12-18 17:27:31] [INFO] Полученный хеш s от клиента: a0c055ee3bdfb015bd1dc6049c3c1454
[2024-12-18 17:27:31] [INFO] Хеш s` на основном клиенте: a0c055ee3bdfb015bd1dc6049c3c1454
[2024-12-18 17:27:31] [INFO] Аутентификация прошла успешно. Отправка SUCCESS...
[2024-12-18 17:27:33] [INFO] Сгенерировано число a: 9698695064345860743
[2024-12-18 17:27:33] [INFO] Генератор g: 11
[2024-12-18 17:27:33] [INFO] Сгенерировано простое число p: 13067387106537260315688214755000294902651890763210597764129711096093914379288304860144357027902262144204566886741125522774807921650771266524756528607819481
[2024-12-18 17:27:33] [INFO] Вычислено число A: 6180491359474650889519556499553411796034715110976737797891323897186842733768537256264039973266039065876611260185534930464142414075675824104480136104452521
[2024-12-18 17:27:33] [INFO] A, g, p отправлены клиенту
[2024-12-18 17:27:33] [INFO] Получено число B от клиента: 7842024589095639025097473946883429818360271298730982579669355425479384748678570644073634189030422795216365027938304129316966309181178237455407277849130979
[2024-12-18 17:27:33] [INFO] Вычислен сеансовый ключ K: 6653385703223603510901698773123603826508137361029268735315160566339329580240011933353641601521040021927880670299441128117200950720486616552420995514823581
[2024-12-18 17:27:33] [INFO] Инициализация RC4 с ключом: 6653385703223603510901698773123603826508137361029268735315160566339329580240011933353641601521040021927880670299441128117200950720486616552420995514823581
[2024-12-18 17:27:33] [INFO] Сеансовый ключ установлен
[2024-12-18 17:27:43] [INFO] Получен открытый ключ клиента: e=859460336344620943617030899373103042513317195965221, n=134075980063711116452063800902420777201180679886312215629150335614157756046184666068468026382954109618803104383830532450846706024296038272163047075913747915189436288349950533095107963860800446777952570472676485682080355313950751400768753592453856488791135234109095232119373205944247175581800760941938304001759
[2024-12-18 17:27:44] [INFO] Сгенерированы ключи RSA: e=1187905979870373178669995383099998306182322905585125, n=86236887063744294692512962604094709252850701483753866451578157853086159710240806412987402429775236872119519596557434423815117450973037373719434438798516570180598537423795346777821680293678062029052641184102956666453086046313034014659345088643690493830329718044197725306821284968735475421015470811861238169869, d=25854306320216080260940102686098727033624487539058328169647391958612837457355278961868644942128900180655512394062565405604622396682378731612944732014965672549746248178845465562915333742347736105769425881326862783726092989474239765544811639383841376300846494680854380078159756578188900981943599187501669250221
[2024-12-18 17:27:45] [INFO] Отправлен открытый ключ: e=1187905979870373178669995383099998306182322905585125, n=86236887063744294692512962604094709252850701483753866451578157853086159710240806412987402429775236872119519596557434423815117450973037373719434438798516570180598537423795346777821680293678062029052641184102956666453086046313034014659345088643690493830329718044197725306821284968735475421015470811861238169869
[2024-12-18 17:27:56] [INFO] Полученный файл: VERY IMPORTANT MESSAGE!!!! 
[2024-12-18 17:27:56] [INFO] Полученный X: 95320593195557621527256157014467767933230774486192392034793183214275044677408928522893636333234806571987606100875097380193308706205435200781126236934368832166691865368185813279185525726519767478196849012466907917526088444168232378332866887069830837631413884643089516054362170279429869651733624597467639455805
[2024-12-18 17:27:56] [INFO] Хеш файла: bb370c70ce03c27fe1d76e770120c387
[2024-12-18 17:27:56] [INFO] H`: 248851463865226586468995694767508603783
[2024-12-18 17:27:56] [INFO] Вычисленная (Z): 248851463865226586468995694767508603783
[2024-12-18 17:27:56] [INFO] Подпись файла верна.
[2024-12-18 17:31:44] [INFO] Аутентификация пользователя: Zilant1337
[2024-12-18 17:31:44] [INFO] Пользователь найден. Генерация SW и установка времени...
[2024-12-18 17:31:44] [INFO] SW: 7f7d2e31dc77ff571862b08fd7046671, Time: 2024-12-19 17:31:44.692226
[2024-12-18 17:31:44] [INFO] SW = 7f7d2e31dc77ff571862b08fd7046671 и время = 2024-12-19 17:31:44.692226 для пользователя Zilant1337 обновлены
[2024-12-18 17:31:44] [INFO] Сгенерированный хеш sw: 761be9534835ee973b9394d1dfe4bab8
[2024-12-18 17:31:44] [INFO] Полученный хеш s от клиента: 03fdab9da909d08194326044b32ffb77
[2024-12-18 17:31:44] [INFO] Хеш s` на основном клиенте: 03fdab9da909d08194326044b32ffb77
[2024-12-18 17:31:44] [INFO] Аутентификация прошла успешно. Отправка SUCCESS...
[2024-12-18 17:31:44] [INFO] Сгенерировано число a: 16337647637378805727
[2024-12-18 17:31:44] [INFO] Генератор g: 53
[2024-12-18 17:31:44] [INFO] Сгенерировано простое число p: 9121504392032808399441652745848075152209631396120322992541205728282631323144186231522993794226868155866925905675416934372190855755113789631385187098501891
[2024-12-18 17:31:44] [INFO] Вычислено число A: 2634044399758771354470068144444627896293528766507952973774310450640422223559547978487914923427353187228856591459640803806737936360091625419992136062428808
[2024-12-18 17:31:44] [INFO] A, g, p отправлены клиенту
[2024-12-18 17:31:44] [INFO] Получено число B от клиента: 9092658300345818372891123741785822570351289877256336328372305091384345293662653378082255769770852231776170863679335088621773379683603021824584802202768047
[2024-12-18 17:31:44] [INFO] Вычислен сеансовый ключ K: 1257726305520015066720363694193590877115048923659539522554599167157113092060358237591996584910044014693307172023669651028100024402524851118400571940894319
[2024-12-18 17:31:44] [INFO] Инициализация RC4 с ключом: 1257726305520015066720363694193590877115048923659539522554599167157113092060358237591996584910044014693307172023669651028100024402524851118400571940894319
[2024-12-18 17:31:44] [INFO] Сеансовый ключ установлен
[2024-12-18 17:31:50] [INFO] Получен открытый ключ клиента: e=361200858050935738323688006633389039177009335086811, n=90698388230930058548103962699183704385219200496334023817184384792337312061700010900969358806602766540468751492924739712621136699454326167318731224895809507694262593570553012980346373762396688705688388927111037702898658498162622641023817467908807113875272817863111508953592193696992244350715014635267403014529
[2024-12-18 17:31:51] [INFO] Сгенерированы ключи RSA: e=741181279536586735713349933232441854363059405858285, n=166648438999378758893157711792209312070068429013848258943875500563599637147537310062042739428151101660597653127615474491287883226822238169046711780782023693705294011735330090213711435956220460216993432439724699015840146657321461329061052262227744622565836278182466558629857823729141245702406128802433640781411, d=120658526703773430757044233191501154826379383687714072436467667737039501937509338532866985177762223631485181794152107531220523537207452530082107306586806732333881671311157271295070691331273619743637486922376529684142053317599962879784980920058339789434607407020559927162443694369356517233191033906417914100165
[2024-12-18 17:31:51] [INFO] Отправлен открытый ключ: e=741181279536586735713349933232441854363059405858285, n=166648438999378758893157711792209312070068429013848258943875500563599637147537310062042739428151101660597653127615474491287883226822238169046711780782023693705294011735330090213711435956220460216993432439724699015840146657321461329061052262227744622565836278182466558629857823729141245702406128802433640781411
[2024-12-18 17:32:07] [INFO] Полученный файл: VERY IMPORTANT MESSAGE!!!! 
[2024-12-18 17:32:07] [INFO] Полученный X: 32630023385881259222043870568221515453260624604761254234758589910284110347804683503331035577885384867887470625594025369449010040276352659247177607442564407072710634620835882477054361593684730335388449947831705712862957968825018839328983154044146930321790946785172346409269985572732679900964995287445888164336
[2024-12-18 17:32:07] [INFO] Хеш файла: bb370c70ce03c27fe1d76e770120c387
[2024-12-18 17:32:07] [INFO] H`: 248851463865226586468995694767508603783
[2024-12-18 17:32:07] [INFO] Вычисленная (Z): 248851463865226586468995694767508603783
[2024-12-18 17:32:07] [INFO] Подпись файла верна.
[2024-12-18 17:39:24] [INFO] Пользователь с логином Zilant1337 уже существует
[2024-12-18 17:39:24] [INFO] Соединение закрыто.
[2024-12-18 17:41:22] [INFO] Аутентификация пользователя: Zilant1337
[2024-12-18 17:41:22] [INFO] Пользователь найден. Генерация SW и установка времени...
[2024-12-18 17:41:22] [INFO] SW: 2a9bc7220123d4be9dda124081d6dc57, Time: 2024-12-19 17:41:22.654863
[2024-12-18 17:41:22] [INFO] SW = 2a9bc7220123d4be9dda124081d6dc57 и время = 2024-12-19 17:41:22.654863 для пользователя Zilant1337 обновлены
[2024-12-18 17:41:22] [INFO] Сгенерированный хеш sw: 86d05a17bee46fee6030182975fbf656
[2024-12-18 17:41:22] [INFO] Полученный хеш s от клиента: 3b36c663ac1cba18cf4e11dbc733cfdb
[2024-12-18 17:41:22] [INFO] Хеш s` на основном клиенте: 3b36c663ac1cba18cf4e11dbc733cfdb
[2024-12-18 17:41:22] [INFO] Аутентификация прошла успешно. Отправка SUCCESS...
[2024-12-18 17:41:22] [INFO] Сгенерировано число a: 17821571669247464387
[2024-12-18 17:41:22] [INFO] Генератор g: 89
[2024-12-18 17:41:22] [INFO] Сгенерировано простое число p: 7254518357317969916199659859053478103262846523571475040704893347968955306337560173596584153883019602683102552263380439008345319596601311200907152428003873
[2024-12-18 17:41:22] [INFO] Вычислено число A: 2008497082774506758594802790806873105522096550623647758634960627674585715032797807501105171883678650518208966633818536241649770191098013834495330497777825
[2024-12-18 17:41:22] [INFO] A, g, p отправлены клиенту
[2024-12-18 17:41:22] [INFO] Получено число B от клиента: 1320020124143493984544819356431141544433918463315783272368126456550096405808151751679694194350625908537792086159916131939671559969170194458216881452357539
[2024-12-18 17:41:22] [INFO] Вычислен сеансовый ключ K: 554389667407474462306901807425681910365891393163217543294415838535273034433513010248253176164681159973471356326864125014104299172505670493552523926484601
[2024-12-18 17:41:22] [INFO] Инициализация RC4 с ключом: 554389667407474462306901807425681910365891393163217543294415838535273034433513010248253176164681159973471356326864125014104299172505670493552523926484601
[2024-12-18 17:41:22] [INFO] Сеансовый ключ установлен
